2018-05-30 13:08:21,406 [5788] ERROR File OleDbConnection getDataTableUnrecognized database format '\\192.168.1.2\d$\DoBe\Database1_be.accdb'.
2018-05-30 13:13:57,236 [7300] ERROR File OleDbConnection getDataTableThe SELECT statement includes a reserved word or an argument name that is misspelled or missing, or the punctuation is incorrect.
2018-05-30 13:14:21,773 [7300] ERROR File OleDbConnection getDataTableThe SELECT statement includes a reserved word or an argument name that is misspelled or missing, or the punctuation is incorrect.
2018-05-30 13:14:31,775 [7300] ERROR File OleDbConnection getDataTableThe SELECT statement includes a reserved word or an argument name that is misspelled or missing, or the punctuation is incorrect.
2018-05-30 13:14:54,886 [7300] ERROR File OleDbConnection getDataTableThe SELECT statement includes a reserved word or an argument name that is misspelled or missing, or the punctuation is incorrect.
2018-05-30 13:15:18,626 [7300] ERROR File OleDbConnection getDataTableThe SELECT statement includes a reserved word or an argument name that is misspelled or missing, or the punctuation is incorrect.
2018-05-30 13:15:30,167 [7300] ERROR File OleDbConnection getDataTableThe SELECT statement includes a reserved word or an argument name that is misspelled or missing, or the punctuation is incorrect.
2018-05-30 13:15:52,664 [4208] ERROR File OleDbConnection getDataTableThe SELECT statement includes a reserved word or an argument name that is misspelled or missing, or the punctuation is incorrect.
2018-05-30 13:16:14,279 [7300] ERROR File OleDbConnection getDataTableThe SELECT statement includes a reserved word or an argument name that is misspelled or missing, or the punctuation is incorrect.
2018-05-30 13:16:30,868 [4208] ERROR File OleDbConnection getDataTableThe SELECT statement includes a reserved word or an argument name that is misspelled or missing, or the punctuation is incorrect.
2018-05-30 13:16:42,508 [7300] ERROR File OleDbConnection getDataTableThe SELECT statement includes a reserved word or an argument name that is misspelled or missing, or the punctuation is incorrect.
2018-05-30 13:16:42,539 [4208] ERROR File OleDbConnection getDataTableThe SELECT statement includes a reserved word or an argument name that is misspelled or missing, or the punctuation is incorrect.
2018-05-30 13:16:42,566 [7300] ERROR File OleDbConnection getDataTableThe SELECT statement includes a reserved word or an argument name that is misspelled or missing, or the punctuation is incorrect.
2018-05-30 13:16:42,600 [7300] ERROR File OleDbConnection getDataTableThe SELECT statement includes a reserved word or an argument name that is misspelled or missing, or the punctuation is incorrect.
2018-05-30 13:16:42,628 [4208] ERROR File OleDbConnection getDataTableThe SELECT statement includes a reserved word or an argument name that is misspelled or missing, or the punctuation is incorrect.
2018-05-30 13:16:42,658 [7300] ERROR File OleDbConnection getDataTableThe SELECT statement includes a reserved word or an argument name that is misspelled or missing, or the punctuation is incorrect.
2018-05-30 13:16:42,690 [4208] ERROR File OleDbConnection getDataTableThe SELECT statement includes a reserved word or an argument name that is misspelled or missing, or the punctuation is incorrect.
2018-05-30 13:16:51,695 [7300] ERROR File OleDbConnection getDataTableThe SELECT statement includes a reserved word or an argument name that is misspelled or missing, or the punctuation is incorrect.
2018-05-30 13:16:51,742 [7300] ERROR File OleDbConnection getDataTableThe SELECT statement includes a reserved word or an argument name that is misspelled or missing, or the punctuation is incorrect.
2018-05-30 13:16:51,772 [4208] ERROR File OleDbConnection getDataTableThe SELECT statement includes a reserved word or an argument name that is misspelled or missing, or the punctuation is incorrect.
2018-05-30 13:16:51,793 [7300] ERROR File OleDbConnection getDataTableThe SELECT statement includes a reserved word or an argument name that is misspelled or missing, or the punctuation is incorrect.
2018-05-30 13:17:10,609 [4208] ERROR File OleDbConnection getDataTableThe SELECT statement includes a reserved word or an argument name that is misspelled or missing, or the punctuation is incorrect.
2018-05-30 13:18:25,161 [4208] ERROR File OleDbConnection getDataTableThe SELECT statement includes a reserved word or an argument name that is misspelled or missing, or the punctuation is incorrect.
2018-05-30 13:18:53,723 [4208] ERROR File OleDbConnection getDataTableThe SELECT statement includes a reserved word or an argument name that is misspelled or missing, or the punctuation is incorrect.
2018-05-30 13:18:53,798 [4208] ERROR File OleDbConnection getDataTableThe SELECT statement includes a reserved word or an argument name that is misspelled or missing, or the punctuation is incorrect.
2018-05-30 13:19:23,358 [4208] ERROR File OleDbConnection getDataTableThe SELECT statement includes a reserved word or an argument name that is misspelled or missing, or the punctuation is incorrect.
2018-05-30 13:19:47,424 [4208] ERROR File OleDbConnection getDataTableThe SELECT statement includes a reserved word or an argument name that is misspelled or missing, or the punctuation is incorrect.
2018-05-30 13:20:06,674 [4208] ERROR File OleDbConnection getDataTableThe SELECT statement includes a reserved word or an argument name that is misspelled or missing, or the punctuation is incorrect.
2018-05-30 13:20:16,464 [4208] ERROR File OleDbConnection getDataTableThe SELECT statement includes a reserved word or an argument name that is misspelled or missing, or the punctuation is incorrect.
2018-05-30 13:20:39,805 [2776] ERROR File OleDbConnection getDataTableThe SELECT statement includes a reserved word or an argument name that is misspelled or missing, or the punctuation is incorrect.
2018-05-30 13:20:56,605 [2776] ERROR File OleDbConnection getDataTableThe SELECT statement includes a reserved word or an argument name that is misspelled or missing, or the punctuation is incorrect.
2018-05-30 13:21:07,932 [2776] ERROR File OleDbConnection getDataTableThe SELECT statement includes a reserved word or an argument name that is misspelled or missing, or the punctuation is incorrect.
2018-05-30 13:21:32,970 [2776] ERROR File OleDbConnection getDataTableThe SELECT statement includes a reserved word or an argument name that is misspelled or missing, or the punctuation is incorrect.
2018-05-30 13:21:44,538 [2776] ERROR File OleDbConnection getDataTableThe SELECT statement includes a reserved word or an argument name that is misspelled or missing, or the punctuation is incorrect.
2018-05-30 13:21:57,748 [2776] ERROR File OleDbConnection getDataTableThe SELECT statement includes a reserved word or an argument name that is misspelled or missing, or the punctuation is incorrect.
2018-05-30 13:22:20,076 [2776] ERROR File OleDbConnection getDataTableThe SELECT statement includes a reserved word or an argument name that is misspelled or missing, or the punctuation is incorrect.
2018-05-30 13:22:30,508 [2776] ERROR File OleDbConnection getDataTableThe SELECT statement includes a reserved word or an argument name that is misspelled or missing, or the punctuation is incorrect.
2018-05-30 13:22:45,225 [2776] ERROR File OleDbConnection getDataTableThe SELECT statement includes a reserved word or an argument name that is misspelled or missing, or the punctuation is incorrect.
2018-05-30 13:23:04,971 [2776] ERROR File OleDbConnection getDataTableThe SELECT statement includes a reserved word or an argument name that is misspelled or missing, or the punctuation is incorrect.
2018-05-31 12:23:16,306 [9348] ERROR File OleDbConnection getDataTableSyntax error in date in query expression 'db.Nhom= nb.ID AND db.DMA=dma.ID AND  (db.NgayDo) >= #2018-05-228# AND (db.NgayDo) <#2018-05-31'.
2018-05-31 12:24:04,066 [9952] ERROR File OleDbConnection getDataTableSyntax error in date in query expression 'db.Nhom= nb.ID AND db.DMA=dma.ID AND  (db.NgayDo) >= #2018-05-228# AND (db.NgayDo) <#2018-05-31'.
2018-06-18 14:25:01,314 [4948] ERROR File Provider=Microsoft.ACE.OLEDB.12.0;Data Source=C:\inetpub\wwwroot\App_Data\Database1_be.accdb
2018-06-18 14:26:54,775 [1528] ERROR File Provider=Microsoft.ACE.OLEDB.12.0;Data Source=C:\inetpub\wwwroot\App_Data\Database1_be.accdb
2018-06-18 15:21:39,695 [1528] ERROR File Provider=Microsoft.ACE.OLEDB.12.0;Data Source=C:\inetpub\wwwroot\App_Data\Database1_be.accdb
2018-06-18 15:22:09,181 [1528] ERROR File Provider=Microsoft.ACE.OLEDB.12.0;Data Source=C:\inetpub\wwwroot\App_Data\Database1_be.accdb
2018-06-18 15:23:20,938 [3052] ERROR File Provider=Microsoft.ACE.OLEDB.12.0;Data Source=C:\inetpub\wwwroot\App_Data\Database1_be.accdb
2018-06-20 16:11:37,512 [9392] ERROR File Provider=Microsoft.ACE.OLEDB.12.0;Data Source=C:\inetpub\wwwroot\App_Data\Database1_be.accdb
2018-06-20 16:13:05,194 [2824] ERROR File Provider=Microsoft.ACE.OLEDB.12.0;Data Source=C:\inetpub\wwwroot\App_Data\Database1_be.accdb
2018-07-04 13:51:11,071 [5556] ERROR File Provider=Microsoft.ACE.OLEDB.12.0;Data Source=C:\inetpub\wwwroot\App_Data\Database1_be.accdb
2018-07-25 10:07:07,086 [7252] ERROR File Provider=Microsoft.ACE.OLEDB.12.0;Data Source=C:\inetpub\wwwroot\App_Data\Database1_be.accdb
2018-07-25 10:09:51,945 [9680] ERROR File Provider=Microsoft.ACE.OLEDB.12.0;Data Source=C:\inetpub\wwwroot\App_Data\Database1_be.accdb
2018-07-25 10:09:52,043 [9680] ERROR File OleDbConnection getDataTableData type mismatch in criteria expression.
2018-07-25 10:17:13,823 [10528] ERROR File Provider=Microsoft.ACE.OLEDB.12.0;Data Source=C:\inetpub\wwwroot\App_Data\Database1_be.accdb
2018-07-25 10:18:27,727 [2276] ERROR File Provider=Microsoft.ACE.OLEDB.12.0;Data Source=C:\inetpub\wwwroot\App_Data\Database1_be.accdb
2018-07-25 10:19:47,519 [8236] ERROR File Provider=Microsoft.ACE.OLEDB.12.0;Data Source=C:\inetpub\wwwroot\App_Data\Database1_be.accdb
2018-07-25 10:20:20,532 [9148] ERROR File Provider=Microsoft.ACE.OLEDB.12.0;Data Source=C:\inetpub\wwwroot\App_Data\Database1_be.accdb
2018-07-25 10:20:35,340 [7264] ERROR File Provider=Microsoft.ACE.OLEDB.12.0;Data Source=C:\inetpub\wwwroot\App_Data\Database1_be.accdb
2018-07-25 10:20:55,078 [11032] ERROR File Provider=Microsoft.ACE.OLEDB.12.0;Data Source=C:\inetpub\wwwroot\App_Data\Database1_be.accdb
2018-07-25 10:21:28,738 [9076] ERROR File Provider=Microsoft.ACE.OLEDB.12.0;Data Source=C:\inetpub\wwwroot\App_Data\Database1_be.accdb
2018-07-25 10:21:58,454 [9076] ERROR File Provider=Microsoft.ACE.OLEDB.12.0;Data Source=C:\inetpub\wwwroot\App_Data\Database1_be.accdb
2018-07-25 10:26:50,800 [7892] ERROR File Provider=Microsoft.ACE.OLEDB.12.0;Data Source=C:\inetpub\wwwroot\App_Data\Database1_be.accdb
2018-07-25 10:30:32,124 [7252] ERROR File Provider=Microsoft.ACE.OLEDB.12.0;Data Source=C:\inetpub\wwwroot\App_Data\Database1_be.accdb
2018-07-25 10:32:15,587 [10560] ERROR File Provider=Microsoft.ACE.OLEDB.12.0;Data Source=C:\inetpub\wwwroot\App_Data\Database1_be.accdb
2018-08-16 14:48:57,187 [8208] ERROR File Provider=Microsoft.ACE.OLEDB.12.0;Data Source=C:\inetpub\wwwroot\App_Data\Database1_be.accdb
2018-08-16 14:49:15,137 [3964] ERROR File Provider=Microsoft.ACE.OLEDB.12.0;Data Source=C:\inetpub\wwwroot\App_Data\Database1_be.accdb
2018-08-16 14:50:15,521 [8208] ERROR File Provider=Microsoft.ACE.OLEDB.12.0;Data Source=C:\inetpub\wwwroot\App_Data\Database1_be.accdb
2018-08-16 14:50:59,240 [10492] ERROR File Provider=Microsoft.ACE.OLEDB.12.0;Data Source=C:\inetpub\wwwroot\App_Data\Database1_be.accdb
2018-08-16 14:51:01,912 [3952] ERROR File Provider=Microsoft.ACE.OLEDB.12.0;Data Source=C:\inetpub\wwwroot\App_Data\Database1_be.accdb
2018-08-16 14:51:12,568 [3628] ERROR File Provider=Microsoft.ACE.OLEDB.12.0;Data Source=C:\inetpub\wwwroot\App_Data\Database1_be.accdb
2018-08-16 14:53:15,334 [11056] ERROR File Provider=Microsoft.ACE.OLEDB.12.0;Data Source=C:\inetpub\wwwroot\App_Data\Database1_be.accdb
2018-08-16 14:54:45,859 [7980] ERROR File Provider=Microsoft.ACE.OLEDB.12.0;Data Source=C:\inetpub\wwwroot\App_Data\Database1_be.accdb
2018-08-16 14:57:36,504 [2524] ERROR File Provider=Microsoft.ACE.OLEDB.12.0;Data Source=C:\inetpub\wwwroot\App_Data\Database1_be.accdb
2018-08-16 15:04:26,639 [7928] ERROR File Provider=Microsoft.ACE.OLEDB.12.0;Data Source=C:\inetpub\wwwroot\App_Data\Database1_be.accdb
2018-08-16 15:04:53,102 [10944] ERROR File Provider=Microsoft.ACE.OLEDB.12.0;Data Source=C:\inetpub\wwwroot\App_Data\Database1_be.accdb
2018-08-16 15:05:57,663 [10944] ERROR File Provider=Microsoft.ACE.OLEDB.12.0;Data Source=C:\inetpub\wwwroot\App_Data\Database1_be.accdb
