2012-04-14 10:49:21,830 [7640] ERROR File LinQConnection getDataTableInvalid column name 'NEWSID'.
2012-04-14 10:49:37,275 [9096] ERROR File LinQConnection getDataTableInvalid column name 'NEWSID'.
2012-04-14 12:26:27,242 [13224] ERROR File Load Edit Sp Input string was not in a correct format.
2012-04-14 12:27:04,734 [13060] ERROR File Load Edit Sp Input string was not in a correct format.
2012-04-14 12:27:40,183 [13052] ERROR File Load Edit Sp Input string was not in a correct format.
2012-04-14 12:34:09,110 [10772] ERROR File Load Edit Sp Input string was not in a correct format.
2012-04-14 12:36:51,031 [13660] ERROR File Load Edit Sp Input string was not in a correct format.
2012-04-14 12:51:31,474 [13136] ERROR File Add SANPHAMs : Cannot add an entity that already exists.
2013-07-02 10:41:43,331 [4380] ERROR File LinQConnection getDataTableLogin failed for user 'sa'.
2013-07-02 10:41:43,396 [4380] ERROR File LinQConnection getDataTableLogin failed for user 'sa'.
2013-07-02 10:41:43,417 [4380] ERROR File LinQConnection getDataTableLogin failed for user 'sa'.
2018-07-06 09:30:19,075 [12192] ERROR File LinQConnection getDataTableLogin failed for user 'sa'.
2018-07-06 09:30:30,721 [4916] ERROR File LinQConnection getDataTableLogin failed for user 'sa'.
2018-07-06 09:33:20,424 [12192] ERROR File LinQConnection getDataTableLogin failed for user 'sa'.
2018-07-06 09:33:42,839 [4852] ERROR File LinQConnection getDataTableLogin failed for user 'sa'.
2018-07-06 09:34:13,602 [8736] ERROR File LinQConnection getDataTableLogin failed for user 'sa'.
2018-07-06 10:19:02,103 [5872] INFO  File Starting page load
2018-07-06 10:21:41,326 [7636] INFO  File Starting page load
2018-07-06 10:22:56,533 [9616] INFO  File Starting page load
2018-07-06 10:27:24,414 [7640] INFO  File Starting page load
2018-07-06 10:39:32,290 [10640] INFO  File Starting page load
2018-07-06 10:39:33,599 [10060] INFO  File Starting page load
2018-07-06 10:51:27,043 [9544] INFO  File Starting page load
2018-07-06 10:54:30,881 [9592] INFO  File Starting page load
2018-07-06 11:00:43,257 [8132] INFO  File Starting page load
2018-07-06 11:23:02,872 [6684] INFO  File Starting page load
2018-07-06 11:25:52,807 [6400] INFO  File Starting page load
2018-07-06 11:27:18,708 [6400] INFO  File Starting page load
2018-07-06 11:29:08,493 [11636] INFO  File Starting page load
2018-07-06 11:29:59,888 [2352] INFO  File Starting page load
2018-07-06 11:30:38,565 [11636] INFO  File Starting page load
2018-07-06 11:31:46,528 [6164] INFO  File Starting page load
2018-07-06 11:33:17,489 [2352] INFO  File Starting page load
2018-07-06 11:36:00,617 [6308] INFO  File Starting page load
2018-07-06 12:44:48,765 [10692] INFO  File Starting page load
2018-07-06 12:46:29,758 [10692] INFO  File Starting page load
2018-07-06 12:49:36,267 [10316] INFO  File Starting page load
2018-07-06 12:58:18,276 [1180] INFO  File Starting page load
2018-07-06 13:05:23,500 [12068] INFO  File Starting page load
2018-07-06 13:07:52,394 [11048] INFO  File Starting page load
2018-07-06 13:18:47,016 [8892] INFO  File Starting page load
2018-07-06 13:21:35,128 [5244] INFO  File Starting page load
2018-07-06 13:25:41,264 [11584] INFO  File Starting page load
2018-07-06 13:27:56,314 [6100] INFO  File Starting page load
2018-07-06 13:33:00,686 [8032] INFO  File Starting page load
2018-07-06 13:36:51,635 [8032] INFO  File Starting page load
2018-07-06 13:39:15,973 [8032] INFO  File Starting page load
2018-07-06 13:41:34,383 [8032] INFO  File Starting page load
2018-07-06 13:46:27,183 [10876] INFO  File Starting page load
2018-07-06 13:58:56,580 [9972] INFO  File Starting page load
2018-07-06 14:02:58,026 [9972] INFO  File Starting page load
2018-07-06 14:03:35,341 [9972] INFO  File Starting page load
2018-07-06 14:06:28,471 [3080] INFO  File Starting page load
2018-07-09 15:03:29,418 [2392] INFO  File Starting page load
2018-07-09 15:07:05,750 [8528] INFO  File Starting page load
2018-07-09 15:32:58,977 [8872] INFO  File Starting page load
2018-07-09 15:48:26,220 [6224] INFO  File Starting page load
2018-07-11 07:54:17,601 [2540] INFO  File Starting page load
2018-07-11 08:02:02,858 [3508] INFO  File Starting page load
2018-07-11 08:10:34,255 [9668] INFO  File Starting page load
2018-07-11 09:38:15,484 [4600] INFO  File Starting page load
2018-07-11 09:39:47,107 [8304] INFO  File Starting page load
2018-07-11 09:44:48,662 [6124] INFO  File Starting page load
2018-07-11 09:59:44,389 [5064] INFO  File Starting page load
2018-07-11 10:00:00,546 [4964] INFO  File Starting page load
2018-07-11 10:04:33,136 [4848] INFO  File Starting page load
2018-07-11 10:11:31,195 [2484] INFO  File Starting page load
2018-07-11 10:14:02,513 [10536] INFO  File Starting page load
2018-07-11 10:19:04,419 [5088] INFO  File Starting page load
2018-07-11 10:19:55,852 [6092] INFO  File Starting page load
2018-07-11 10:20:21,461 [10260] INFO  File Starting page load
2018-07-11 10:55:04,548 [11316] INFO  File Starting page load
2018-07-11 11:43:04,462 [11016] INFO  File Starting page load
2018-07-11 11:45:50,949 [11172] INFO  File Starting page load
2018-07-11 11:46:44,158 [6372] INFO  File Starting page load
2018-07-11 11:47:50,132 [8204] INFO  File Starting page load
2018-07-11 11:48:18,652 [8204] INFO  File Starting page load
2018-07-11 11:53:26,439 [11900] INFO  File Starting page load
2018-07-11 11:55:30,206 [10896] INFO  File Starting page load
2018-07-11 11:56:15,060 [11864] INFO  File Starting page load
2018-07-11 12:02:46,985 [12128] INFO  File Starting page load
2018-07-11 12:05:35,801 [8628] INFO  File Starting page load
2018-07-11 12:06:42,988 [9396] INFO  File Starting page load
2018-07-11 12:07:19,595 [10044] INFO  File Starting page load
2018-07-11 12:07:52,963 [9396] INFO  File Starting page load
2018-07-11 12:07:57,407 [2032] INFO  File Starting page load
2018-07-11 12:08:37,341 [12220] INFO  File Starting page load
2018-07-11 12:38:50,148 [5088] INFO  File Starting page load
2018-07-11 12:39:27,038 [11868] INFO  File Starting page load
2018-07-11 12:39:48,237 [11200] INFO  File Starting page load
2018-07-11 12:40:04,438 [8792] INFO  File Starting page load
2018-07-11 12:41:16,297 [10176] INFO  File Starting page load
2018-07-12 11:43:06,022 [8220] ERROR File LinQConnection getDataTableTimeout expired.  The timeout period elapsed prior to completion of the operation or the server is not responding.
